> Initialized logger
>  * Debugger is active!
>  * Debugger PIN: 456-115-780
>  * Running on http://0.0.0.0:80/ (Press CTRL+C to quit)
> 127.0.0.1 - - [10/Mar/2019 22:56:33] "GET /logout/ HTTP/1.1" 302 -
> C:\Users\gherz-PC\Desktop\remidiv2\serveus\views.py:89: FlaskWTFDeprecationWarning: "flask_wtf.Form" has been renamed to "FlaskForm" and will be removed in 1.0.
>   return render_template("index.html",login_form = LoginForm(), recovery_form = RecoveryForm())
> C:\Users\gherz-PC\Desktop\remidiv2\serveus\views.py:89: FlaskWTFDeprecationWarning: "flask_wtf.Form" has been renamed to "FlaskForm" and will be removed in 1.0.
>   return render_template("index.html",login_form = LoginForm(), recovery_form = RecoveryForm())
> 127.0.0.1 - - [10/Mar/2019 22:56:33] "GET /index/ HTTP/1.1" 200 -
> C:\Users\gherz-PC\Desktop\remidiv2\serveus\views.py:768: FlaskWTFDeprecationWarning: "flask_wtf.Form" has been renamed to "FlaskForm" and will be removed in 1.0.
>   form = LoginForm()
> C:\Users\gherz-PC\Desktop\remidiv2\serveus\views.py:783: FlaskWTFDeprecationWarning: "flask_wtf.Form" has been renamed to "FlaskForm" and will be removed in 1.0.
>   return render_template("index.html",login_form = LoginForm(), recovery_form = RecoveryForm(), error_message = error_message)
> C:\Users\gherz-PC\Desktop\remidiv2\serveus\views.py:783: FlaskWTFDeprecationWarning: "flask_wtf.Form" has been renamed to "FlaskForm" and will be removed in 1.0.
>   return render_template("index.html",login_form = LoginForm(), recovery_form = RecoveryForm(), error_message = error_message)
> 127.0.0.1 - - [10/Mar/2019 22:56:38] "POST /login/ HTTP/1.1" 200 -
> C:\Users\gherz-PC\Desktop\remidiv2\serveus\views.py:768: FlaskWTFDeprecationWarning: "flask_wtf.Form" has been renamed to "FlaskForm" and will be removed in 1.0.
>   form = LoginForm()
> C:\Users\gherz-PC\Desktop\remidiv2\serveus\views.py:783: FlaskWTFDeprecationWarning: "flask_wtf.Form" has been renamed to "FlaskForm" and will be removed in 1.0.
>   return render_template("index.html",login_form = LoginForm(), recovery_form = RecoveryForm(), error_message = error_message)
> C:\Users\gherz-PC\Desktop\remidiv2\serveus\views.py:783: FlaskWTFDeprecationWarning: "flask_wtf.Form" has been renamed to "FlaskForm" and will be removed in 1.0.
>   return render_template("index.html",login_form = LoginForm(), recovery_form = RecoveryForm(), error_message = error_message)
> 127.0.0.1 - - [10/Mar/2019 22:56:40] "POST /login/ HTTP/1.1" 200 -
> C:\Users\gherz-PC\Desktop\remidiv2\serveus\views.py:768: FlaskWTFDeprecationWarning: "flask_wtf.Form" has been renamed to "FlaskForm" and will be removed in 1.0.
>   form = LoginForm()
> C:\Users\gherz-PC\Desktop\remidiv2\serveus\views.py:783: FlaskWTFDeprecationWarning: "flask_wtf.Form" has been renamed to "FlaskForm" and will be removed in 1.0.
>   return render_template("index.html",login_form = LoginForm(), recovery_form = RecoveryForm(), error_message = error_message)
> C:\Users\gherz-PC\Desktop\remidiv2\serveus\views.py:783: FlaskWTFDeprecationWarning: "flask_wtf.Form" has been renamed to "FlaskForm" and will be removed in 1.0.
>   return render_template("index.html",login_form = LoginForm(), recovery_form = RecoveryForm(), error_message = error_message)
> 127.0.0.1 - - [10/Mar/2019 22:56:44] "POST /login/ HTTP/1.1" 200 -
> C:\Users\gherz-PC\Desktop\remidiv2\serveus\views.py:768: FlaskWTFDeprecationWarning: "flask_wtf.Form" has been renamed to "FlaskForm" and will be removed in 1.0.
>   form = LoginForm()
> C:\Users\gherz-PC\Desktop\remidiv2\serveus\views.py:783: FlaskWTFDeprecationWarning: "flask_wtf.Form" has been renamed to "FlaskForm" and will be removed in 1.0.
>   return render_template("index.html",login_form = LoginForm(), recovery_form = RecoveryForm(), error_message = error_message)
> C:\Users\gherz-PC\Desktop\remidiv2\serveus\views.py:783: FlaskWTFDeprecationWarning: "flask_wtf.Form" has been renamed to "FlaskForm" and will be removed in 1.0.
>   return render_template("index.html",login_form = LoginForm(), recovery_form = RecoveryForm(), error_message = error_message)
> 127.0.0.1 - - [10/Mar/2019 22:56:50] "POST /login/ HTTP/1.1" 200 -
> C:\Users\gherz-PC\Desktop\remidiv2\serveus\views.py:768: FlaskWTFDeprecationWarning: "flask_wtf.Form" has been renamed to "FlaskForm" and will be removed in 1.0.
>   form = LoginForm()
> C:\Users\gherz-PC\Desktop\remidiv2\serveus\views.py:783: FlaskWTFDeprecationWarning: "flask_wtf.Form" has been renamed to "FlaskForm" and will be removed in 1.0.
>   return render_template("index.html",login_form = LoginForm(), recovery_form = RecoveryForm(), error_message = error_message)
> C:\Users\gherz-PC\Desktop\remidiv2\serveus\views.py:783: FlaskWTFDeprecationWarning: "flask_wtf.Form" has been renamed to "FlaskForm" and will be removed in 1.0.
>   return render_template("index.html",login_form = LoginForm(), recovery_form = RecoveryForm(), error_message = error_message)
> 127.0.0.1 - - [10/Mar/2019 22:56:56] "POST /login/ HTTP/1.1" 200 -
>  * Detected change in 'C:\\Users\\gherz-PC\\Desktop\\remidiv2\\serveus\\views.py', reloading
